
╔══════════════════════════════════════════════════════════════════╗
║           🚀 Studio Admin - 自主迭代监控系统 v1.0                  ║
╚══════════════════════════════════════════════════════════════════╝

[0;36m[ℹ][0m 项目目录: /Volumes/D/test/0316/next-shadcn-admin-dashboard
[0;36m[ℹ][0m 当前时间: 2026-03-16 04:45:31
[0;36m[ℹ][0m 下次执行: 04:50:31

[0;36m[ℹ][0m 启动自主迭代监控系统...
[0;36m[ℹ][0m 按 Ctrl+C 停止


═══════════════════════════════════════════════════════════════
[0;34m[2026-03-16 04:45:31][0m 🔄 开始第 1 轮迭代迭代
═══════════════════════════════════════════════════════════════
[0;34m[2026-03-16 04:45:31][0m [1/6] 检查开发服务器...
[0;32m[✓][0m 开发服务器运行正常
[0;34m[2026-03-16 04:45:31][0m [2/6] 代码质量检查...
[1;33m[!][0m 发现问题，自动修复中...
[0;32m[✓][0m 自动修复完成
[0;34m[2026-03-16 04:45:32][0m [3/6] 构建检查...
[0;32m[✓][0m 构建成功
[0;34m[2026-03-16 04:45:38][0m [4/6] E2E 功能测试...
grep: grep: invalid option -- P
invalid option -- P
usage: grep [-abcdDEFGHhIiJLlMmnOopqRSsUVvwXxZz] [-A num] [-B num] [-C[num]]
	[-e pattern] [-f file] [--binary-files=value] [--color=when]
	[--context[=num]] [--directories=action] [--label] [--line-buffered]
usage: grep [-abcdDEFGHhIiJLlMmnOopqRSsUVvwXxZz] [-A num] [-B num] [-C[num]]
	[-e pattern] [-f file] [--binary-files=value] [--color=when]
	[--context[=num]] [--directories=action] [--label] [--line-buffered]
	[--null] [pattern] [file ...]
	[--null] [pattern] [file ...]
grep: invalid option -- P
usage: grep [-abcdDEFGHhIiJLlMmnOopqRSsUVvwXxZz] [-A num] [-B num] [-C[num]]
	[-e pattern] [-f file] [--binary-files=value] [--color=when]
	[--context[=num]] [--directories=action] [--label] [--line-buffered]
	[--null] [pattern] [file ...]
grep: invalid option -- P
usage: grep [-abcdDEFGHhIiJLlMmnOopqRSsUVvwXxZz] [-A num] [-B num] [-C[num]]
	[-e pattern] [-f file] [--binary-files=value] [--color=when]
	[--context[=num]] [--directories=action] [--label] [--line-buffered]
	[--null] [pattern] [file ...]
[0;32m[✓][0m E2E 测试通过: 0 项
[0;34m[2026-03-16 04:45:57][0m [5/6] 项目审计...
[0;32m[✓][0m 审计完成
[0;34m[2026-03-16 04:45:59][0m [6/6] 生成状态报告...
[0;32m[✓][0m 状态报告已更新

[0;32m[✓][0m 第 1 轮迭代完成 ✨
═══════════════════════════════════════════════════════════════

[0;36m[ℹ][0m 等待 5 分钟后开始下一轮...

⏱️  5 分钟后继续...⏱️  4 分钟后继续...⏱️  3 分钟后继续...⏱️  2 分钟后继续...
[1;33m[!][0m 收到停止信号，正在退出...
[0;36m[ℹ][0m 项目目录: /Volumes/D/test/0316/next-shadcn-admin-dashboard
[0;36m[ℹ][0m 当前时间: 2026-03-16 04:50:04
[0;36m[ℹ][0m 下次执行: 04:55:04
[0;36m[ℹ][0m 启动自主迭代监控系统...
[0;36m[ℹ][0m 按 Ctrl+C 停止
[0;34m[2026-03-16 04:50:04][0m 🔄 开始第 1 轮迭代迭代
[0;34m[2026-03-16 04:50:04][0m [1/6] 检查开发服务器...
[0;32m[✓][0m 开发服务器运行正常
[0;34m[2026-03-16 04:50:04][0m [2/6] 代码质量检查...
[1;33m[!][0m 发现问题，自动修复中...
[0;32m[✓][0m 自动修复完成
[0;34m[2026-03-16 04:50:05][0m [3/6] 构建检查...
[0;32m[✓][0m 构建成功
[0;34m[2026-03-16 04:50:12][0m [4/6] E2E 功能测试...
[0;32m[✓][0m E2E 测试通过: 0 项
[0;34m[2026-03-16 04:50:31][0m [5/6] 项目审计...
[0;32m[✓][0m 审计完成
[0;34m[2026-03-16 04:50:33][0m [6/6] 生成状态报告...
[0;32m[✓][0m 状态报告已更新
[0;32m[✓][0m 第 1 轮迭代完成 ✨
[0;36m[ℹ][0m 等待 5 分钟后开始下一轮...
[1;33m[!][0m 收到停止信号，正在退出...
[0;36m[ℹ][0m 项目目录: /Volumes/D/test/0316/next-shadcn-admin-dashboard
[0;36m[ℹ][0m 当前时间: 2026-03-16 04:58:57
[0;36m[ℹ][0m 下次执行: 05:03:57
[0;36m[ℹ][0m 启动自主迭代监控系统...
[0;36m[ℹ][0m 按 Ctrl+C 停止
[0;34m[2026-03-16 04:58:57][0m 🔄 开始第 1 轮迭代迭代
[0;34m[2026-03-16 04:58:57][0m [1/6] 检查开发服务器...
[0;32m[✓][0m 开发服务器运行正常
[0;34m[2026-03-16 04:58:57][0m [2/6] 代码质量检查...
[1;33m[!][0m 发现问题，自动修复中...
[0;32m[✓][0m 自动修复完成
[0;34m[2026-03-16 04:58:57][0m [3/6] 构建检查...
[0;32m[✓][0m 构建成功 (7秒)
[0;34m[2026-03-16 04:59:04][0m [4/6] E2E 功能测试...
[1;33m[!][0m E2E 测试: 27 通过, 3 失败 (23秒)
[0;34m[2026-03-16 04:59:27][0m [5/6] 项目审计...
[0;32m[✓][0m 审计完成
[0;34m[2026-03-16 04:59:29][0m [6/6] 生成状态报告...
[0;32m[✓][0m 状态报告已更新
[0;32m[✓][0m 第 1 轮迭代完成 ✨
[0;36m[ℹ][0m 等待 5 分钟后开始下一轮...
[1;33m[!][0m 收到停止信号，正在退出...
